running example: Sun Oct 15 23:33:38 EDT 2023
/gpfs/fs0/scratch/l/liuqy/binhe/AZanimodeling/mesh_ak135

  running mesher on  40 processors...


  running database generation on  40 processors...


  running solver on  40 processors...


see results in directory: OUTPUT_FILES/

done
rm: cannot remove ‘shot*’: No such file or directory
Sun Oct 15 23:35:47 EDT 2023

scontrol show jobid 10927893
JobId=10927893 JobName=sks_tomo
   UserId=binhe(3097241) GroupId=liuqy(6000084) MCS_label=N/A
   Priority=10862832 Nice=0 Account=rrg-liuqy QOS=normal
   JobState=COMPLETING Reason=None Dependency=(null)
   Requeue=0 Restarts=0 BatchFlag=1 Reboot=0 ExitCode=0:0
   RunTime=00:02:13 TimeLimit=01:00:00 TimeMin=N/A
   SubmitTime=2023-10-15T23:33:22 EligibleTime=2023-10-15T23:33:22
   AccrueTime=2023-10-15T23:33:22
   StartTime=2023-10-15T23:33:34 EndTime=2023-10-15T23:35:47 Deadline=N/A
   SuspendTime=None SecsPreSuspend=0 LastSchedEval=2023-10-15T23:33:34 Scheduler=Main
   Partition=debug AllocNode:Sid=nia-login05:91391
   ReqNodeList=(null) ExcNodeList=(null)
   NodeList=nia0001
   BatchHost=nia0001
   NumNodes=1 NumCPUs=80 NumTasks=40 CPUs/Task=1 ReqB:S:C:T=0:0:*:*
   ReqTRES=cpu=40,mem=175000M,node=1,billing=20
   AllocTRES=cpu=80,mem=175000M,node=1,billing=40
   Socks/Node=* NtasksPerN:B:S:C=0:0:*:* CoreSpec=*
   MinCPUsNode=1 MinMemoryNode=175000M MinTmpDiskNode=0
   Features=[skylake|cascade] DelayBoot=00:00:00
   OverSubscribe=NO Contiguous=0 Licenses=(null) Network=(null)
   Command=/gpfs/fs0/scratch/l/liuqy/binhe/AZanimodeling/mesh_ak135/sbash_tomo.sh
   WorkDir=/gpfs/fs0/scratch/l/liuqy/binhe/AZanimodeling/mesh_ak135
   Comment=/opt/slurm/bin/sbatch --export=NONE sbash_tomo.sh 
   StdErr=/gpfs/fs0/scratch/l/liuqy/binhe/AZanimodeling/mesh_ak135/out.log
   StdIn=/dev/null
   StdOut=/gpfs/fs0/scratch/l/liuqy/binhe/AZanimodeling/mesh_ak135/out.log
   Power=
   

sacct -j 10927893
JobID           JobName    Account    Elapsed  MaxVMSize     MaxRSS  SystemCPU    UserCPU ExitCode 
------------ ---------- ---------- ---------- ---------- ---------- ---------- ---------- -------- 
10927893       sks_tomo  rrg-liuqy   00:02:13                        02:12.631   01:20:15      0:0 
10927893.ba+      batch  rrg-liuqy   00:02:13  57801284K  19775276K  02:12.630   01:20:15      0:0 
10927893.ex+     extern  rrg-liuqy   00:02:13    148744K       896K   00:00:00   00:00:00      0:0 
