10603.571289 59.871063 0.524955
10554.542969 60.227501 0.406036
10588.877930 60.312088 0.444028
10591.571289 60.352589 0.448350
10625.968750 60.143539 0.542332
10623.807617 60.257942 0.458936
10623.776367 60.258049 0.458633
10521.227539 60.721615 0.232617
10533.901367 60.696678 0.275639
10537.824219 60.763000 0.225047
10602.268555 60.340702 0.444028
10518.888672 60.544292 0.310897
10501.247070 60.742069 0.158734
10545.273438 60.127148 0.445621
10501.624023 60.634712 0.244143
10619.994141 59.895512 0.537449
10521.350586 60.643085 0.275231
10569.483398 60.135799 0.451343
10520.296875 60.482948 0.312464
10531.699219 60.365700 0.340853
10632.433594 59.867657 0.531707
10612.167969 60.043648 0.531175
10600.234375 60.000641 0.515577
10609.192383 60.008362 0.508582
10509.049805 60.464935 0.348229
10572.946289 59.963669 0.435137
10640.206055 59.910057 0.512535
10564.472656 59.932762 0.472562
10572.366211 60.699135 0.288735
10526.361328 60.298130 0.381868
10574.761719 60.593983 0.331099
10582.481445 60.261326 0.468572
10540.031250 60.539734 0.374796
10573.063477 60.522655 0.387278
10583.259766 59.883057 0.465025
10541.291016 60.257473 0.352897
10573.177734 60.361629 0.416401
10643.086914 59.980537 0.543140
