tomo_init/N.ANIH.BXR.semd.sac.T005_T020
tomo_init/N.ASRH.BXR.semd.sac.T005_T020
tomo_init/N.HMNH.BXR.semd.sac.T005_T020
tomo_init/N.HMSH.BXR.semd.sac.T005_T020
tomo_init/N.HNRH.BXR.semd.sac.T005_T020
tomo_init/N.ICWH.BXR.semd.sac.T005_T020
tomo_init/N.IW2H.BXR.semd.sac.T005_T020
tomo_init/N.IWZH.BXR.semd.sac.T005_T020
tomo_init/N.KANH.BXR.semd.sac.T005_T020
tomo_init/N.KASH.BXR.semd.sac.T005_T020
tomo_init/N.KGSH.BXR.semd.sac.T005_T020
tomo_init/N.KHEH.BXR.semd.sac.T005_T020
tomo_init/N.KJSH.BXR.semd.sac.T005_T020
tomo_init/N.KOSH.BXR.semd.sac.T005_T020
tomo_init/N.KRMH.BXR.semd.sac.T005_T020
tomo_init/N.KWAH.BXR.semd.sac.T005_T020
tomo_init/N.KZMH.BXR.semd.sac.T005_T020
tomo_init/N.KZNH.BXR.semd.sac.T005_T020
tomo_init/N.NHEH.BXR.semd.sac.T005_T020
tomo_init/N.NHWH.BXR.semd.sac.T005_T020
tomo_init/N.NSBH.BXR.semd.sac.T005_T020
tomo_init/N.NSEH.BXR.semd.sac.T005_T020
tomo_init/N.NSNH.BXR.semd.sac.T005_T020
tomo_init/N.NSSH.BXR.semd.sac.T005_T020
tomo_init/N.NWAH.BXR.semd.sac.T005_T020
tomo_init/N.ODTH.BXR.semd.sac.T005_T020
tomo_init/N.OMRH.BXR.semd.sac.T005_T020
tomo_init/N.OWNH.BXR.semd.sac.T005_T020
tomo_init/N.RZTH.BXR.semd.sac.T005_T020
tomo_init/N.SHGH.BXR.semd.sac.T005_T020
tomo_init/N.SMTH.BXR.semd.sac.T005_T020
tomo_init/N.SZKH.BXR.semd.sac.T005_T020
tomo_init/N.TMYH.BXR.semd.sac.T005_T020
tomo_init/N.TOUH.BXR.semd.sac.T005_T020
tomo_init/N.TSRH.BXR.semd.sac.T005_T020
tomo_init/N.TTKH.BXR.semd.sac.T005_T020
tomo_init/N.YHBH.BXR.semd.sac.T005_T020
tomo_init/N.YUZH.BXR.semd.sac.T005_T020
