11921.541992 0.057303 -0.001513
11903.847656 0.537197 -0.000557
11979.661133 0.580900 0.000221
11992.108398 0.622959 0.001446
12011.152344 0.327883 0.000168
12029.358398 0.461744 -0.001047
12029.325195 0.461919 -0.001044
11940.397461 1.154104 0.004484
11958.005859 1.107244 0.003531
11977.983398 1.178800 0.004352
12008.292969 0.592084 0.000456
11901.751953 0.951866 -0.000977
11908.753906 1.205101 0.003324
11868.708008 0.436720 -0.000141
11888.520508 1.079922 0.003120
11954.129883 0.057665 -0.002672
11925.279297 1.062741 0.001891
11912.487305 0.410282 -0.000759
11892.425781 0.879185 -0.001681
11890.097656 0.728442 0.000101
11970.054688 0.005295 -0.003676
11968.619141 0.237791 -0.000050
11940.073242 0.208722 -0.000376
11956.874023 0.202815 -0.000569
11869.016602 0.873897 -0.001021
11886.164062 0.210117 0.000885
11991.169922 0.039577 -0.002930
11865.750977 0.188225 -0.001087
12026.211914 1.052962 0.000538
11867.827148 0.658659 -0.000292
12009.749023 0.927316 0.000349
11958.867188 0.533020 -0.000237
11938.257812 0.916660 0.000176
11992.872070 0.847538 -0.000654
11888.935547 0.103264 -0.001358
11886.352539 0.590873 0.000203
11961.934570 0.662223 0.000887
12009.323242 0.113963 -0.001536
